<?xml version="1.0" encoding="UTF-8"?>
<!-- Generated by org.testng.reporters.JUnitXMLReporter -->
<testsuite ignored="0" hostname="EC2AMAZ-8KL45D2" failures="0" tests="3" name="test-1" time="26.471" errors="0" timestamp="2024-10-11T05:55:48 UTC">
  <testcase classname="com.WebOrder.test.WebOrders_Login" name="loginTest" time="7.328"/>
  <testcase classname="com.WebOrder.test.WebOrders_Login" name="urlTest" time="7.76"/>
  <testcase classname="com.WebOrder.test.WebOrders_Login" name="verifyText" time="7.367"/>
</testsuite> <!-- test-1 -->
