<?xml version="1.0" encoding="UTF-8"?>
<!-- Generated by org.testng.reporters.JUnitXMLReporter -->
<testsuite ignored="1" hostname="EC2AMAZ-8KL45D2" failures="0" tests="14" name="test-1" time="86.081" errors="0" timestamp="2024-09-27T07:17:26 UTC">
  <testcase classname="com.WebOrder.test.WebOrder_Order_Test" name="createAndVerifyOrder" time="7.475"/>
  <testcase classname="com.WebOrder.test.WebOrder_Order_Test" name="createAndVerifyOrder" time="6.317"/>
  <testcase classname="com.WebOrder.test.WebOrder_Order_Test" name="createAndVerifyOrder" time="14.93"/>
  <testcase classname="com.WebOrder.test.WebOrder_Order_Test" name="createAndVerifyOrder" time="5.326"/>
  <testcase classname="com.WebOrder.test.WebOrder_Order_Test" name="createAndVerifyOrder" time="5.443"/>
  <testcase classname="com.WebOrder.test.WebOrder_Order_Test" name="createAndVerifyOrder" time="5.352"/>
  <testcase classname="com.WebOrder.test.WebOrder_Order_Test" name="createAndVerifyOrder" time="4.626"/>
  <testcase classname="com.WebOrder.test.WebOrder_Order_Test" name="createAndVerifyOrder" time="4.658"/>
  <testcase classname="com.WebOrder.test.WebOrder_Order_Test" name="createAndVerifyOrder" time="4.68"/>
  <testcase classname="com.WebOrder.test.WebOrder_Order_Test" name="createAndVerifyOrder" time="4.52"/>
  <testcase classname="com.WebOrder.test.WebOrder_Order_Test" name="createAndVerifyOrder" time="4.698"/>
  <testcase classname="com.WebOrder.test.WebOrder_Order_Test" name="createAndVerifyOrder" time="4.651"/>
  <testcase classname="com.WebOrder.test.WebOrder_Order_Test" name="createAndVerifyOrder" time="4.387"/>
  <testcase classname="com.WebOrder.test.WebOrder_Order_Test" name="createAndVerifyOrder" time="4.55"/>
  <testcase classname="com.WebOrder.test.WebOrder_Order_Test" name="verifyCheckAll" time="0.0">
    <ignored/>
  </testcase> <!-- verifyCheckAll -->
</testsuite> <!-- test-1 -->
