<?xml version="1.0" encoding="UTF-8"?>
<!-- Generated by org.testng.reporters.JUnitXMLReporter -->
<testsuite ignored="0" hostname="EC2AMAZ-8KL45D2" failures="0" tests="3" name="test-1" time="39.625" errors="0" timestamp="2024-10-11T05:52:11 UTC">
  <testcase classname="com.WebOrder.test.WebOrders_Login" name="loginTest" time="22.053"/>
  <testcase classname="com.WebOrder.test.WebOrders_Login" name="urlTest" time="6.795"/>
  <testcase classname="com.WebOrder.test.WebOrders_Login" name="verifyText" time="6.832"/>
</testsuite> <!-- test-1 -->
