<?xml version="1.0" encoding="UTF-8"?>
<!-- Generated by org.testng.reporters.JUnitReportReporter -->
<testsuite hostname="EC2AMAZ-8KL45D2" failures="0" tests="3" name="com.WebOrder.test.WebOrders_Login" time="21.903" errors="0" timestamp="2024-09-27T07:04:06 UTC" skipped="0">
  <testcase classname="com.WebOrder.test.WebOrders_Login" name="loginTest" time="7.414"/>
  <system-out/>
  <testcase classname="com.WebOrder.test.WebOrders_Login" name="urlTest" time="7.023"/>
  <system-out/>
  <testcase classname="com.WebOrder.test.WebOrders_Login" name="verifyText" time="7.466"/>
  <system-out/>
</testsuite> <!-- com.WebOrder.test.WebOrders_Login -->
