<?xml version="1.0" encoding="UTF-8"?>
<!-- Generated by org.testng.reporters.JUnitReportReporter -->
<testsuite hostname="EC2AMAZ-8KL45D2" failures="0" tests="3" name="com.WebOrder.test.WebOrders_Login" time="35.691" errors="0" timestamp="2024-10-11T05:52:11 UTC" skipped="0">
  <testcase classname="com.WebOrder.test.WebOrders_Login" name="loginTest" time="22.054"/>
  <system-out/>
  <testcase classname="com.WebOrder.test.WebOrders_Login" name="urlTest" time="6.796"/>
  <system-out/>
  <testcase classname="com.WebOrder.test.WebOrders_Login" name="verifyText" time="6.841"/>
  <system-out/>
</testsuite> <!-- com.WebOrder.test.WebOrders_Login -->
