<?xml version="1.0" encoding="UTF-8"?>
<!-- Generated by org.testng.reporters.JUnitReportReporter -->
<testsuite hostname="EC2AMAZ-8KL45D2" failures="0" tests="15" name="com.WebOrder.test.WebOrder_Order_Test" time="81.634" errors="0" timestamp="2024-09-27T07:17:26 UTC" skipped="1">
  <testcase classname="com.WebOrder.test.WebOrder_Order_Test" name="createAndVerifyOrder" time="4.651"/>
  <system-out/>
  <testcase classname="com.WebOrder.test.WebOrder_Order_Test" name="createAndVerifyOrder" time="4.627"/>
  <system-out/>
  <testcase classname="com.WebOrder.test.WebOrder_Order_Test" name="createAndVerifyOrder" time="5.443"/>
  <system-out/>
  <testcase classname="com.WebOrder.test.WebOrder_Order_Test" name="createAndVerifyOrder" time="4.551"/>
  <system-out/>
  <testcase classname="com.WebOrder.test.WebOrder_Order_Test" name="createAndVerifyOrder" time="4.659"/>
  <system-out/>
  <testcase classname="com.WebOrder.test.WebOrder_Order_Test" name="createAndVerifyOrder" time="4.680"/>
  <system-out/>
  <testcase classname="com.WebOrder.test.WebOrder_Order_Test" name="createAndVerifyOrder" time="7.476"/>
  <system-out/>
  <testcase classname="com.WebOrder.test.WebOrder_Order_Test" name="createAndVerifyOrder" time="6.317"/>
  <system-out/>
  <testcase classname="com.WebOrder.test.WebOrder_Order_Test" name="createAndVerifyOrder" time="5.338"/>
  <system-out/>
  <testcase classname="com.WebOrder.test.WebOrder_Order_Test" name="createAndVerifyOrder" time="4.521"/>
  <system-out/>
  <testcase classname="com.WebOrder.test.WebOrder_Order_Test" name="createAndVerifyOrder" time="4.389"/>
  <system-out/>
  <testcase classname="com.WebOrder.test.WebOrder_Order_Test" name="createAndVerifyOrder" time="4.699"/>
  <system-out/>
  <testcase classname="com.WebOrder.test.WebOrder_Order_Test" name="createAndVerifyOrder" time="5.352"/>
  <system-out/>
  <testcase classname="com.WebOrder.test.WebOrder_Order_Test" name="createAndVerifyOrder" time="14.931"/>
  <system-out/>
  <testcase classname="com.WebOrder.test.WebOrder_Order_Test" name="verifyCheckAll">
    <skipped/>
  </testcase> <!-- verifyCheckAll -->
  <system-out/>
</testsuite> <!-- com.WebOrder.test.WebOrder_Order_Test -->
