<?xml version="1.0" encoding="UTF-8"?>
<!-- Generated by org.testng.reporters.JUnitReportReporter -->
<testsuite hostname="EC2AMAZ-8KL45D2" failures="0" tests="3" name="com.WebOrder.test.WebOrders_Login" time="22.463" errors="0" timestamp="2024-10-11T05:55:48 UTC" skipped="0">
  <testcase classname="com.WebOrder.test.WebOrders_Login" name="loginTest" time="7.335"/>
  <testcase classname="com.WebOrder.test.WebOrders_Login" name="urlTest" time="7.761"/>
  <testcase classname="com.WebOrder.test.WebOrders_Login" name="verifyText" time="7.367"/>
</testsuite> <!-- com.WebOrder.test.WebOrders_Login -->
